2026-02-19 16:53:48,803 server.main INFO create_app() starting (pid=1, debug=False, log=/app/logs/greenops.log)
2026-02-19 16:53:48,876 server.database INFO Database pool initialised (minconn=1, maxconn=20).
2026-02-19 16:53:48,889 server.database INFO Database connectivity verified.
2026-02-19 16:53:48,909 server.main INFO Offline checker started (interval=60s, pid=1, thread=offline-check).
2026-02-19 16:53:48,909 server.main INFO GreenOps server initialised and ready.
2026-02-19 16:53:49,000 server.database INFO Database pool closed.
2026-02-19 16:53:49,060 server.database INFO Database pool initialised (minconn=1, maxconn=20).
2026-02-19 16:53:49,065 server.database INFO Database connectivity verified.
2026-02-19 16:53:49,070 server.database INFO Database pool closed.
2026-02-19 16:53:49,100 server.database INFO Database pool closed.
2026-02-19 16:53:49,164 server.database INFO Database pool closed.
2026-02-19 16:53:49,216 server.database INFO Database pool initialised (minconn=1, maxconn=20).
2026-02-19 16:53:49,225 server.database INFO Database pool initialised (minconn=1, maxconn=20).
2026-02-19 16:53:49,245 server.database INFO Database connectivity verified.
2026-02-19 16:53:49,249 server.database INFO Database connectivity verified.
2026-02-19 16:53:49,294 server.database INFO Database pool initialised (minconn=1, maxconn=20).
2026-02-19 16:53:49,321 server.database INFO Database connectivity verified.
2026-02-19 16:54:48,911 server.database ERROR Database error: server closed the connection unexpectedly
	This probably means the server terminated abnormally
	before or while processing the request.

2026-02-19 16:54:48,912 server.main ERROR Offline check error: server closed the connection unexpectedly
	This probably means the server terminated abnormally
	before or while processing the request.
Traceback (most recent call last):
  File "/app/server/main.py", line 145, in _loop
    count = MachineService.update_offline_machines()
            ^^^^^^^^^^^^^^^^^^^^^^^^^^^^^^^^^^^^^^^^
  File "/app/server/services/machine.py", line 248, in update_offline_machines
    updated = db.execute_query(
              ^^^^^^^^^^^^^^^^^
  File "/app/server/database.py", line 125, in execute_query
    cur.execute(query, params)
  File "/usr/local/lib/python3.11/site-packages/psycopg2/extras.py", line 236, in execute
    return super().execute(query, vars)
           ^^^^^^^^^^^^^^^^^^^^^^^^^^^^
psycopg2.OperationalError: server closed the connection unexpectedly
	This probably means the server terminated abnormally
	before or while processing the request.

2026-02-19 16:55:36,764 server.auth WARNING Failed login attempt for user id=1
2026-02-19 16:55:37,958 server.auth WARNING Failed login attempt for user id=1
2026-02-19 16:55:43,223 server.auth WARNING Failed login attempt for user id=1
2026-02-19 16:55:47,432 server.auth WARNING Failed login attempt for user id=1
2026-02-19 16:56:03,240 server.auth WARNING Failed login attempt for user id=1
2026-02-19 16:56:08,775 server.auth WARNING Failed login attempt for user id=1
2026-02-19 16:56:58,729 server.auth WARNING Failed login attempt for user id=1
2026-02-19 16:57:00,122 server.auth WARNING Failed login attempt for user id=1
2026-02-19 16:59:11,690 server.auth WARNING Failed login attempt for user id=1
2026-02-19 16:59:12,219 server.auth WARNING Failed login attempt for user id=1
2026-02-19 16:59:12,335 server.auth WARNING Failed login attempt for user id=1
2026-02-19 16:59:12,519 server.auth WARNING Failed login attempt for user id=1
2026-02-19 16:59:12,655 server.auth WARNING Failed login attempt for user id=1
2026-02-19 17:11:32,514 server.database ERROR Database error: connection to server at "db" (172.18.0.2), port 5432 failed: Connection timed out
	Is the server running on that host and accepting TCP/IP connections?

2026-02-19 17:18:25,797 server.main INFO create_app() starting (pid=1, debug=False, log=/app/logs/greenops.log)
2026-02-19 17:18:25,804 server.database INFO Database pool initialised (minconn=1, maxconn=20).
2026-02-19 17:18:25,806 server.database INFO Database connectivity verified.
2026-02-19 17:18:25,809 server.main INFO Applying ADMIN_INITIAL_PASSWORD …
2026-02-19 17:18:25,872 server.main INFO Admin password updated from ADMIN_INITIAL_PASSWORD.
2026-02-19 17:18:25,883 server.main INFO Offline checker started (interval=60s, pid=1, thread=offline-check).
2026-02-19 17:18:25,883 server.main INFO GreenOps server initialised and ready.
2026-02-19 17:18:25,900 server.database INFO Database pool closed.
2026-02-19 17:18:25,907 server.database INFO Database pool initialised (minconn=1, maxconn=20).
2026-02-19 17:18:25,909 server.database INFO Database connectivity verified.
2026-02-19 17:18:25,955 server.database INFO Database pool closed.
2026-02-19 17:18:25,962 server.database INFO Database pool initialised (minconn=1, maxconn=20).
2026-02-19 17:18:25,964 server.database INFO Database connectivity verified.
2026-02-19 17:18:26,010 server.database INFO Database pool closed.
2026-02-19 17:18:26,019 server.database INFO Database pool initialised (minconn=1, maxconn=20).
2026-02-19 17:18:26,021 server.database INFO Database connectivity verified.
2026-02-19 17:18:26,057 server.database INFO Database pool closed.
2026-02-19 17:18:26,064 server.database INFO Database pool initialised (minconn=1, maxconn=20).
2026-02-19 17:18:26,067 server.database INFO Database connectivity verified.
2026-02-19 17:19:25,883 server.database ERROR Database error: server closed the connection unexpectedly
	This probably means the server terminated abnormally
	before or while processing the request.

2026-02-19 17:19:25,884 server.main ERROR Offline check error: server closed the connection unexpectedly
	This probably means the server terminated abnormally
	before or while processing the request.
Traceback (most recent call last):
  File "/app/server/main.py", line 145, in _loop
    count = MachineService.update_offline_machines()
            ^^^^^^^^^^^^^^^^^^^^^^^^^^^^^^^^^^^^^^^^
  File "/app/server/services/machine.py", line 248, in update_offline_machines
    updated = db.execute_query(
              ^^^^^^^^^^^^^^^^^
  File "/app/server/database.py", line 125, in execute_query
    cur.execute(query, params)
  File "/usr/local/lib/python3.11/site-packages/psycopg2/extras.py", line 236, in execute
    return super().execute(query, vars)
           ^^^^^^^^^^^^^^^^^^^^^^^^^^^^
psycopg2.OperationalError: server closed the connection unexpectedly
	This probably means the server terminated abnormally
	before or while processing the request.

2026-02-19 17:20:38,567 server.main INFO create_app() starting (pid=1, debug=False, log=/app/logs/greenops.log)
2026-02-19 17:20:38,601 server.database INFO Database pool initialised (minconn=1, maxconn=20).
2026-02-19 17:20:38,626 server.database INFO Database connectivity verified.
2026-02-19 17:20:38,631 server.main INFO Applying ADMIN_INITIAL_PASSWORD …
2026-02-19 17:20:38,991 server.main INFO Admin password updated from ADMIN_INITIAL_PASSWORD.
2026-02-19 17:20:38,993 server.main INFO Offline checker started (interval=60s, pid=1, thread=offline-check).
2026-02-19 17:20:38,993 server.main INFO GreenOps server initialised and ready.
2026-02-19 17:20:39,047 server.database INFO Database pool closed.
2026-02-19 17:20:39,184 server.database INFO Database pool initialised (minconn=1, maxconn=20).
2026-02-19 17:20:39,230 server.database INFO Database pool closed.
2026-02-19 17:20:39,244 server.database INFO Database connectivity verified.
2026-02-19 17:20:39,256 server.database INFO Database pool closed.
2026-02-19 17:20:39,286 server.database INFO Database pool closed.
2026-02-19 17:20:39,310 server.database INFO Database pool initialised (minconn=1, maxconn=20).
2026-02-19 17:20:39,310 server.database INFO Database pool initialised (minconn=1, maxconn=20).
2026-02-19 17:20:39,313 server.database INFO Database connectivity verified.
2026-02-19 17:20:39,332 server.database INFO Database connectivity verified.
2026-02-19 17:20:39,353 server.database INFO Database pool initialised (minconn=1, maxconn=20).
2026-02-19 17:20:39,355 server.database INFO Database connectivity verified.
2026-02-19 17:21:38,995 server.database ERROR Database error: server closed the connection unexpectedly
	This probably means the server terminated abnormally
	before or while processing the request.

2026-02-19 17:21:38,997 server.main ERROR Offline check error: server closed the connection unexpectedly
	This probably means the server terminated abnormally
	before or while processing the request.
Traceback (most recent call last):
  File "/app/server/main.py", line 145, in _loop
    count = MachineService.update_offline_machines()
            ^^^^^^^^^^^^^^^^^^^^^^^^^^^^^^^^^^^^^^^^
  File "/app/server/services/machine.py", line 248, in update_offline_machines
    updated = db.execute_query(
              ^^^^^^^^^^^^^^^^^
  File "/app/server/database.py", line 125, in execute_query
    cur.execute(query, params)
  File "/usr/local/lib/python3.11/site-packages/psycopg2/extras.py", line 236, in execute
    return super().execute(query, vars)
           ^^^^^^^^^^^^^^^^^^^^^^^^^^^^
psycopg2.OperationalError: server closed the connection unexpectedly
	This probably means the server terminated abnormally
	before or while processing the request.

2026-02-19 17:32:19,275 server.main INFO create_app() starting (pid=1, debug=False, log=/app/logs/greenops.log)
2026-02-19 17:32:19,306 server.database INFO Database pool initialised (minconn=1, maxconn=20).
2026-02-19 17:32:19,310 server.database INFO Database connectivity verified.
2026-02-19 17:32:19,316 server.main INFO Applying ADMIN_INITIAL_PASSWORD …
2026-02-19 17:32:19,557 server.main INFO Admin password updated from ADMIN_INITIAL_PASSWORD.
2026-02-19 17:32:19,558 server.main INFO Offline checker started (interval=60s, pid=1, thread=offline-check).
2026-02-19 17:32:19,559 server.main INFO GreenOps server initialised and ready.
2026-02-19 17:32:19,598 server.database INFO Database pool closed.
2026-02-19 17:32:19,625 server.database INFO Database pool initialised (minconn=1, maxconn=20).
2026-02-19 17:32:19,639 server.database INFO Database connectivity verified.
2026-02-19 17:32:19,690 server.database INFO Database pool closed.
2026-02-19 17:32:19,743 server.database INFO Database pool closed.
2026-02-19 17:32:19,769 server.database INFO Database pool initialised (minconn=1, maxconn=20).
2026-02-19 17:32:19,824 server.database INFO Database connectivity verified.
2026-02-19 17:32:19,827 server.database INFO Database pool closed.
2026-02-19 17:32:19,851 server.database INFO Database pool initialised (minconn=1, maxconn=20).
2026-02-19 17:32:19,879 server.database INFO Database connectivity verified.
2026-02-19 17:32:19,955 server.database INFO Database pool initialised (minconn=1, maxconn=20).
2026-02-19 17:32:19,995 server.database INFO Database connectivity verified.
2026-02-19 17:33:19,563 server.database ERROR Database error: server closed the connection unexpectedly
	This probably means the server terminated abnormally
	before or while processing the request.

2026-02-19 17:33:19,564 server.main ERROR Offline check error: server closed the connection unexpectedly
	This probably means the server terminated abnormally
	before or while processing the request.
Traceback (most recent call last):
  File "/app/server/main.py", line 145, in _loop
    count = MachineService.update_offline_machines()
            ^^^^^^^^^^^^^^^^^^^^^^^^^^^^^^^^^^^^^^^^
  File "/app/server/services/machine.py", line 248, in update_offline_machines
    updated = db.execute_query(
              ^^^^^^^^^^^^^^^^^
  File "/app/server/database.py", line 125, in execute_query
    cur.execute(query, params)
  File "/usr/local/lib/python3.11/site-packages/psycopg2/extras.py", line 236, in execute
    return super().execute(query, vars)
           ^^^^^^^^^^^^^^^^^^^^^^^^^^^^
psycopg2.OperationalError: server closed the connection unexpectedly
	This probably means the server terminated abnormally
	before or while processing the request.

2026-02-19 17:33:21,353 server.auth INFO Successful login for user id=1
2026-02-19 17:37:10,728 server.services.machine INFO Registration: mac=08:00:27*** id=1 new=True
2026-02-19 17:37:10,728 server.routes.agents INFO Agent registered: mac=08:00:27*** msg=Machine registered successfully
2026-02-19 17:37:10,755 server.services.machine INFO Heartbeat: id=1 status=online idle=0s increment=0s energy_delta=0.000 kWh
2026-02-19 17:38:10,876 server.services.machine INFO Heartbeat: id=1 status=online idle=0s increment=0s energy_delta=0.000 kWh
2026-02-19 17:38:32,993 server.services.machine INFO Heartbeat: id=1 status=online idle=0s increment=0s energy_delta=0.000 kWh
2026-02-19 17:42:19,720 server.services.machine INFO Machine marked offline: id=1 hostname=Ubuntu
2026-02-19 17:42:19,721 server.main INFO Offline checker: marked 1 machine(s) offline.
2026-02-19 17:42:58,135 server.services.machine INFO Heartbeat: id=1 status=online idle=0s increment=0s energy_delta=0.000 kWh
2026-02-19 17:43:58,393 server.services.machine INFO Heartbeat: id=1 status=online idle=0s increment=0s energy_delta=0.000 kWh
2026-02-19 17:44:58,561 server.services.machine INFO Heartbeat: id=1 status=online idle=0s increment=0s energy_delta=0.000 kWh
2026-02-19 17:45:58,619 server.services.machine INFO Heartbeat: id=1 status=online idle=0s increment=0s energy_delta=0.000 kWh
2026-02-19 17:46:16,065 server.services.machine INFO Heartbeat: id=1 status=online idle=0s increment=0s energy_delta=0.000 kWh
2026-02-19 17:46:43,603 server.main INFO create_app() starting (pid=1, debug=False, log=/app/logs/greenops.log)
2026-02-19 17:46:43,629 server.database INFO Database pool initialised (minconn=1, maxconn=20).
2026-02-19 17:46:43,635 server.database INFO Database connectivity verified.
2026-02-19 17:46:43,642 server.main INFO Applying ADMIN_INITIAL_PASSWORD …
2026-02-19 17:46:43,816 server.main INFO Admin password updated from ADMIN_INITIAL_PASSWORD.
2026-02-19 17:46:43,823 server.main INFO Offline checker started (interval=60s, pid=1, thread=offline-check).
2026-02-19 17:46:43,826 server.main INFO GreenOps server initialised and ready.
2026-02-19 17:46:43,848 server.database INFO Database pool closed.
2026-02-19 17:46:43,858 server.database INFO Database pool initialised (minconn=1, maxconn=20).
2026-02-19 17:46:43,870 server.database INFO Database connectivity verified.
2026-02-19 17:46:43,965 server.database INFO Database pool closed.
2026-02-19 17:46:44,008 server.database INFO Database pool initialised (minconn=1, maxconn=20).
2026-02-19 17:46:44,026 server.database INFO Database connectivity verified.
2026-02-19 17:46:44,054 server.database INFO Database pool closed.
2026-02-19 17:46:44,069 server.database INFO Database pool initialised (minconn=1, maxconn=20).
2026-02-19 17:46:44,074 server.database INFO Database connectivity verified.
2026-02-19 17:46:44,141 server.database INFO Database pool closed.
2026-02-19 17:46:44,151 server.database INFO Database pool initialised (minconn=1, maxconn=20).
2026-02-19 17:46:44,153 server.database INFO Database connectivity verified.
2026-02-19 17:46:45,048 server.services.machine INFO Heartbeat: id=1 status=online idle=0s increment=0s energy_delta=0.000 kWh
2026-02-19 17:47:43,826 server.database ERROR Database error: server closed the connection unexpectedly
	This probably means the server terminated abnormally
	before or while processing the request.

2026-02-19 17:47:43,838 server.main ERROR Offline check error: server closed the connection unexpectedly
	This probably means the server terminated abnormally
	before or while processing the request.
Traceback (most recent call last):
  File "/app/server/main.py", line 145, in _loop
    count = MachineService.update_offline_machines()
            ^^^^^^^^^^^^^^^^^^^^^^^^^^^^^^^^^^^^^^^^
  File "/app/server/services/machine.py", line 248, in update_offline_machines
    updated = db.execute_query(
              ^^^^^^^^^^^^^^^^^
  File "/app/server/database.py", line 125, in execute_query
    cur.execute(query, params)
  File "/usr/local/lib/python3.11/site-packages/psycopg2/extras.py", line 236, in execute
    return super().execute(query, vars)
           ^^^^^^^^^^^^^^^^^^^^^^^^^^^^
psycopg2.OperationalError: server closed the connection unexpectedly
	This probably means the server terminated abnormally
	before or while processing the request.

2026-02-19 17:47:45,193 server.services.machine INFO Heartbeat: id=1 status=online idle=0s increment=0s energy_delta=0.000 kWh
2026-02-19 17:48:45,432 server.services.machine INFO Heartbeat: id=1 status=online idle=0s increment=0s energy_delta=0.000 kWh
2026-02-19 17:49:45,624 server.services.machine INFO Heartbeat: id=1 status=online idle=0s increment=0s energy_delta=0.000 kWh
2026-02-19 17:50:45,701 server.services.machine INFO Heartbeat: id=1 status=online idle=0s increment=0s energy_delta=0.000 kWh
2026-02-19 17:51:45,752 server.services.machine INFO Heartbeat: id=1 status=online idle=0s increment=0s energy_delta=0.000 kWh
2026-02-19 17:52:45,840 server.services.machine INFO Heartbeat: id=1 status=online idle=0s increment=0s energy_delta=0.000 kWh
2026-02-19 17:53:45,872 server.services.machine INFO Heartbeat: id=1 status=online idle=0s increment=0s energy_delta=0.000 kWh
2026-02-19 17:54:33,011 server.services.machine INFO Heartbeat: id=1 status=online idle=0s increment=0s energy_delta=0.000 kWh
2026-02-19 17:58:50,441 server.main INFO create_app() starting (pid=1, debug=False, log=/app/logs/greenops.log)
2026-02-19 17:58:50,453 server.database INFO Database pool initialised (minconn=1, maxconn=20).
2026-02-19 17:58:50,453 server.database INFO Database connectivity verified.
2026-02-19 17:58:50,460 server.main INFO Applying ADMIN_INITIAL_PASSWORD …
2026-02-19 17:58:50,625 server.main INFO Admin password updated from ADMIN_INITIAL_PASSWORD.
2026-02-19 17:58:50,626 server.main INFO Offline checker started (interval=60s, pid=1, thread=offline-check).
2026-02-19 17:58:50,626 server.main INFO GreenOps server initialised and ready.
2026-02-19 17:58:50,649 server.database INFO Database pool closed.
2026-02-19 17:58:50,661 server.database INFO Database pool initialised (minconn=1, maxconn=20).
2026-02-19 17:58:50,663 server.database INFO Database connectivity verified.
2026-02-19 17:58:50,683 server.database INFO Database pool closed.
2026-02-19 17:58:50,692 server.database INFO Database pool initialised (minconn=1, maxconn=20).
2026-02-19 17:58:50,695 server.database INFO Database connectivity verified.
2026-02-19 17:58:50,782 server.database INFO Database pool closed.
2026-02-19 17:58:50,808 server.database INFO Database pool initialised (minconn=1, maxconn=20).
2026-02-19 17:58:50,812 server.database INFO Database connectivity verified.
2026-02-19 17:58:50,820 server.database INFO Database pool closed.
2026-02-19 17:58:50,836 server.database INFO Database pool initialised (minconn=1, maxconn=20).
2026-02-19 17:58:50,862 server.database INFO Database connectivity verified.
2026-02-19 17:59:50,632 server.database ERROR Database error: server closed the connection unexpectedly
	This probably means the server terminated abnormally
	before or while processing the request.

2026-02-19 17:59:50,643 server.main ERROR Offline check error: server closed the connection unexpectedly
	This probably means the server terminated abnormally
	before or while processing the request.
Traceback (most recent call last):
  File "/app/server/main.py", line 145, in _loop
    count = MachineService.update_offline_machines()
            ^^^^^^^^^^^^^^^^^^^^^^^^^^^^^^^^^^^^^^^^
  File "/app/server/services/machine.py", line 248, in update_offline_machines
    updated = db.execute_query(
              ^^^^^^^^^^^^^^^^^
  File "/app/server/database.py", line 125, in execute_query
    cur.execute(query, params)
  File "/usr/local/lib/python3.11/site-packages/psycopg2/extras.py", line 236, in execute
    return super().execute(query, vars)
           ^^^^^^^^^^^^^^^^^^^^^^^^^^^^
psycopg2.OperationalError: server closed the connection unexpectedly
	This probably means the server terminated abnormally
	before or while processing the request.

2026-02-19 18:00:07,166 server.services.machine INFO Heartbeat: id=1 status=online idle=0s increment=0s energy_delta=0.000 kWh
2026-02-19 18:01:07,229 server.services.machine INFO Heartbeat: id=1 status=online idle=0s increment=0s energy_delta=0.000 kWh
2026-02-19 18:02:07,300 server.services.machine INFO Heartbeat: id=1 status=online idle=0s increment=0s energy_delta=0.000 kWh
2026-02-19 18:03:00,027 server.services.machine INFO Heartbeat: id=1 status=online idle=0s increment=0s energy_delta=0.000 kWh
2026-02-19 18:22:12,365 server.main INFO create_app() starting (pid=1, debug=False, log=/app/logs/greenops.log)
2026-02-19 18:22:12,458 server.database INFO Database pool initialised (minconn=1, maxconn=20).
2026-02-19 18:22:12,467 server.database INFO Database connectivity verified.
2026-02-19 18:22:12,484 server.main INFO Applying ADMIN_INITIAL_PASSWORD …
2026-02-19 18:22:13,016 server.main INFO Admin password updated from ADMIN_INITIAL_PASSWORD.
2026-02-19 18:22:13,023 server.main INFO Offline checker started (interval=60s, pid=1, thread=offline-check).
2026-02-19 18:22:13,025 server.main INFO GreenOps server initialised and ready.
2026-02-19 18:22:13,234 server.database INFO Database pool closed.
2026-02-19 18:22:13,331 server.database INFO Database pool closed.
2026-02-19 18:22:13,367 server.database INFO Database pool closed.
2026-02-19 18:22:13,360 server.database INFO Database pool initialised (minconn=1, maxconn=20).
2026-02-19 18:22:13,404 server.database INFO Database connectivity verified.
2026-02-19 18:22:13,424 server.database INFO Database pool initialised (minconn=1, maxconn=20).
2026-02-19 18:22:13,440 server.database INFO Database connectivity verified.
2026-02-19 18:22:13,443 server.database INFO Database pool closed.
2026-02-19 18:22:13,446 server.database INFO Database pool initialised (minconn=1, maxconn=20).
2026-02-19 18:22:13,452 server.database INFO Database connectivity verified.
2026-02-19 18:22:13,483 server.database INFO Database pool initialised (minconn=1, maxconn=20).
2026-02-19 18:22:13,491 server.database INFO Database connectivity verified.
2026-02-19 18:23:13,371 server.database ERROR Database error: server closed the connection unexpectedly
	This probably means the server terminated abnormally
	before or while processing the request.

2026-02-19 18:23:13,373 server.main ERROR Offline check error: server closed the connection unexpectedly
	This probably means the server terminated abnormally
	before or while processing the request.
Traceback (most recent call last):
  File "/app/server/main.py", line 145, in _loop
    count = MachineService.update_offline_machines()
            ^^^^^^^^^^^^^^^^^^^^^^^^^^^^^^^^^^^^^^^^
  File "/app/server/services/machine.py", line 248, in update_offline_machines
    updated = db.execute_query(
              ^^^^^^^^^^^^^^^^^
  File "/app/server/database.py", line 125, in execute_query
    cur.execute(query, params)
  File "/usr/local/lib/python3.11/site-packages/psycopg2/extras.py", line 236, in execute
    return super().execute(query, vars)
           ^^^^^^^^^^^^^^^^^^^^^^^^^^^^
psycopg2.OperationalError: server closed the connection unexpectedly
	This probably means the server terminated abnormally
	before or while processing the request.

2026-02-19 18:24:13,532 server.services.machine INFO Machine marked offline: id=1 hostname=Ubuntu
2026-02-19 18:24:13,536 server.main INFO Offline checker: marked 1 machine(s) offline.
2026-02-19 18:46:49,512 server.main INFO create_app() starting (pid=1, debug=False, log=/app/logs/greenops.log)
2026-02-19 18:46:49,616 server.database INFO Database pool initialised (minconn=1, maxconn=20).
2026-02-19 18:46:49,652 server.database INFO Database connectivity verified.
2026-02-19 18:46:49,664 server.main INFO Applying ADMIN_INITIAL_PASSWORD …
2026-02-19 18:46:50,849 server.main INFO Admin password updated from ADMIN_INITIAL_PASSWORD.
2026-02-19 18:46:50,851 server.main INFO Offline checker started (interval=60s, pid=1, thread=offline-check).
2026-02-19 18:46:50,852 server.main INFO GreenOps server initialised and ready.
2026-02-19 18:46:51,024 server.database INFO Database pool closed.
2026-02-19 18:46:51,045 server.database INFO Database pool initialised (minconn=1, maxconn=20).
2026-02-19 18:46:51,048 server.database INFO Database connectivity verified.
2026-02-19 18:46:51,067 server.database INFO Database pool closed.
2026-02-19 18:46:51,083 server.database INFO Database pool initialised (minconn=1, maxconn=20).
2026-02-19 18:46:51,087 server.database INFO Database connectivity verified.
2026-02-19 18:46:51,296 server.database INFO Database pool closed.
2026-02-19 18:46:51,331 server.database INFO Database pool initialised (minconn=1, maxconn=20).
2026-02-19 18:46:51,352 server.database INFO Database connectivity verified.
2026-02-19 18:46:51,487 server.database INFO Database pool closed.
2026-02-19 18:46:51,623 server.database INFO Database pool initialised (minconn=1, maxconn=20).
2026-02-19 18:46:51,629 server.database INFO Database connectivity verified.
2026-02-19 18:47:47,283 server.services.machine INFO Registration: mac=E9:D1:EF*** id=2 new=True
2026-02-19 18:47:47,286 server.routes.agents INFO Agent registered: mac=E9:D1:EF*** msg=Machine registered successfully
2026-02-19 18:47:47,557 server.services.machine INFO Heartbeat: id=2 status=online idle=0s increment=0s energy_delta=0.000 kWh
2026-02-19 18:47:50,920 server.database ERROR Database error: server closed the connection unexpectedly
	This probably means the server terminated abnormally
	before or while processing the request.

2026-02-19 18:47:50,934 server.main ERROR Offline check error: server closed the connection unexpectedly
	This probably means the server terminated abnormally
	before or while processing the request.
Traceback (most recent call last):
  File "/app/server/main.py", line 145, in _loop
    count = MachineService.update_offline_machines()
            ^^^^^^^^^^^^^^^^^^^^^^^^^^^^^^^^^^^^^^^^
  File "/app/server/services/machine.py", line 248, in update_offline_machines
    updated = db.execute_query(
              ^^^^^^^^^^^^^^^^^
  File "/app/server/database.py", line 125, in execute_query
    cur.execute(query, params)
  File "/usr/local/lib/python3.11/site-packages/psycopg2/extras.py", line 236, in execute
    return super().execute(query, vars)
           ^^^^^^^^^^^^^^^^^^^^^^^^^^^^
psycopg2.OperationalError: server closed the connection unexpectedly
	This probably means the server terminated abnormally
	before or while processing the request.

2026-02-19 18:48:47,743 server.services.machine INFO Heartbeat: id=2 status=online idle=17s increment=0s energy_delta=0.000 kWh
2026-02-19 18:49:47,905 server.services.machine INFO Heartbeat: id=2 status=online idle=77s increment=0s energy_delta=0.000 kWh
2026-02-19 18:50:48,082 server.services.machine INFO Heartbeat: id=2 status=online idle=19s increment=0s energy_delta=0.000 kWh
2026-02-19 18:51:48,562 server.services.machine INFO Heartbeat: id=2 status=online idle=79s increment=0s energy_delta=0.000 kWh
2026-02-19 18:52:48,938 server.services.machine INFO Heartbeat: id=2 status=online idle=139s increment=0s energy_delta=0.000 kWh
2026-02-19 18:53:49,258 server.services.machine INFO Heartbeat: id=2 status=online idle=200s increment=0s energy_delta=0.000 kWh
2026-02-19 18:54:49,356 server.services.machine INFO Heartbeat: id=2 status=online idle=39s increment=0s energy_delta=0.000 kWh
2026-02-19 18:55:50,263 server.services.machine INFO Heartbeat: id=2 status=online idle=99s increment=0s energy_delta=0.000 kWh
2026-02-19 18:56:51,235 server.services.machine INFO Heartbeat: id=2 status=online idle=160s increment=0s energy_delta=0.000 kWh
2026-02-19 18:57:51,336 server.services.machine INFO Heartbeat: id=2 status=online idle=221s increment=0s energy_delta=0.000 kWh
2026-02-19 18:58:51,438 server.services.machine INFO Heartbeat: id=2 status=online idle=0s increment=0s energy_delta=0.000 kWh
2026-02-21 09:27:36,989 server.main INFO create_app() starting (pid=1, debug=False, log=/app/logs/greenops.log)
2026-02-21 09:27:37,010 server.database INFO Database pool initialised (minconn=1, maxconn=20).
2026-02-21 09:27:37,015 server.database INFO Database connectivity verified.
2026-02-21 09:27:37,019 server.main INFO Applying ADMIN_INITIAL_PASSWORD …
2026-02-21 09:27:37,185 server.main INFO Admin password updated from ADMIN_INITIAL_PASSWORD.
2026-02-21 09:27:37,185 server.main INFO Offline checker started (interval=60s, pid=1, thread=offline-check).
2026-02-21 09:27:37,186 server.main INFO GreenOps server initialised and ready.
2026-02-21 09:27:37,205 server.database INFO Database pool closed.
2026-02-21 09:27:37,214 server.database INFO Database pool initialised (minconn=1, maxconn=20).
2026-02-21 09:27:37,219 server.database INFO Database connectivity verified.
2026-02-21 09:27:37,313 server.database INFO Database pool closed.
2026-02-21 09:27:37,356 server.database INFO Database pool initialised (minconn=1, maxconn=20).
2026-02-21 09:27:37,359 server.database INFO Database pool closed.
2026-02-21 09:27:37,360 server.database INFO Database connectivity verified.
2026-02-21 09:27:37,376 server.database INFO Database pool initialised (minconn=1, maxconn=20).
2026-02-21 09:27:37,409 server.database INFO Database connectivity verified.
2026-02-21 09:27:37,473 server.database INFO Database pool closed.
2026-02-21 09:27:37,499 server.database INFO Database pool initialised (minconn=1, maxconn=20).
2026-02-21 09:27:37,503 server.database INFO Database connectivity verified.
2026-02-21 09:27:52,176 server.auth INFO Successful login for user id=1
2026-02-21 09:28:37,201 server.database ERROR Database error: server closed the connection unexpectedly
	This probably means the server terminated abnormally
	before or while processing the request.

2026-02-21 09:28:37,201 server.main ERROR Offline check error: server closed the connection unexpectedly
	This probably means the server terminated abnormally
	before or while processing the request.
Traceback (most recent call last):
  File "/app/server/main.py", line 145, in _loop
    count = MachineService.update_offline_machines()
            ^^^^^^^^^^^^^^^^^^^^^^^^^^^^^^^^^^^^^^^^
  File "/app/server/services/machine.py", line 248, in update_offline_machines
    updated = db.execute_query(
              ^^^^^^^^^^^^^^^^^
  File "/app/server/database.py", line 125, in execute_query
    cur.execute(query, params)
  File "/usr/local/lib/python3.11/site-packages/psycopg2/extras.py", line 236, in execute
    return super().execute(query, vars)
           ^^^^^^^^^^^^^^^^^^^^^^^^^^^^
psycopg2.OperationalError: server closed the connection unexpectedly
	This probably means the server terminated abnormally
	before or while processing the request.

2026-02-21 09:29:38,167 server.services.machine INFO Machine marked offline: id=2 hostname=LAPTOP-L5P9GC77
2026-02-21 09:29:38,173 server.main INFO Offline checker: marked 1 machine(s) offline.
2026-02-21 13:51:16,217 server.main INFO create_app() starting (pid=1, debug=False, log=/app/logs/greenops.log)
2026-02-21 13:51:16,238 server.database INFO Database pool initialised (minconn=1, maxconn=20).
2026-02-21 13:51:16,241 server.database INFO Database connectivity verified.
2026-02-21 13:51:16,245 server.main INFO Applying ADMIN_INITIAL_PASSWORD …
2026-02-21 13:51:16,472 server.main INFO Admin password updated from ADMIN_INITIAL_PASSWORD.
2026-02-21 13:51:16,473 server.main INFO Offline checker started (interval=60s, pid=1, thread=offline-check).
2026-02-21 13:51:16,474 server.main INFO GreenOps server initialised and ready.
2026-02-21 13:51:16,594 server.database INFO Database pool closed.
2026-02-21 13:51:16,616 server.database INFO Database pool initialised (minconn=1, maxconn=20).
2026-02-21 13:51:16,643 server.database INFO Database connectivity verified.
2026-02-21 13:51:16,653 server.database INFO Database pool closed.
2026-02-21 13:51:16,679 server.database INFO Database pool closed.
2026-02-21 13:51:16,710 server.database INFO Database pool initialised (minconn=1, maxconn=20).
2026-02-21 13:51:16,718 server.database INFO Database connectivity verified.
2026-02-21 13:51:16,733 server.database INFO Database pool initialised (minconn=1, maxconn=20).
2026-02-21 13:51:16,735 server.database INFO Database pool closed.
2026-02-21 13:51:16,768 server.database INFO Database connectivity verified.
2026-02-21 13:51:16,784 server.database INFO Database pool initialised (minconn=1, maxconn=20).
2026-02-21 13:51:16,805 server.database INFO Database connectivity verified.
2026-02-21 13:51:35,217 server.auth INFO Successful login for user id=1
2026-02-21 13:51:56,673 server.services.machine INFO Heartbeat: id=1 status=online idle=0s increment=0s energy_delta=0.000 kWh
2026-02-21 13:51:56,837 server.services.machine INFO Heartbeat: id=1 status=online idle=0s increment=0s energy_delta=0.000 kWh
2026-02-21 13:52:00,942 server.services.machine INFO Heartbeat: id=1 status=online idle=0s increment=0s energy_delta=0.000 kWh
2026-02-21 13:52:16,483 server.database ERROR Database error: server closed the connection unexpectedly
	This probably means the server terminated abnormally
	before or while processing the request.

2026-02-21 13:52:16,484 server.main ERROR Offline check error: server closed the connection unexpectedly
	This probably means the server terminated abnormally
	before or while processing the request.
Traceback (most recent call last):
  File "/app/server/main.py", line 145, in _loop
    count = MachineService.update_offline_machines()
            ^^^^^^^^^^^^^^^^^^^^^^^^^^^^^^^^^^^^^^^^
  File "/app/server/services/machine.py", line 248, in update_offline_machines
    updated = db.execute_query(
              ^^^^^^^^^^^^^^^^^
  File "/app/server/database.py", line 125, in execute_query
    cur.execute(query, params)
  File "/usr/local/lib/python3.11/site-packages/psycopg2/extras.py", line 236, in execute
    return super().execute(query, vars)
           ^^^^^^^^^^^^^^^^^^^^^^^^^^^^
psycopg2.OperationalError: server closed the connection unexpectedly
	This probably means the server terminated abnormally
	before or while processing the request.

2026-02-21 13:53:01,105 server.services.machine INFO Heartbeat: id=1 status=online idle=0s increment=0s energy_delta=0.000 kWh
2026-02-21 13:54:01,286 server.services.machine INFO Heartbeat: id=1 status=online idle=0s increment=0s energy_delta=0.000 kWh
2026-02-21 13:54:29,800 server.services.machine INFO Heartbeat: id=1 status=online idle=0s increment=0s energy_delta=0.000 kWh
2026-02-21 13:58:21,642 server.main INFO create_app() starting (pid=1, debug=False, log=/app/logs/greenops.log)
2026-02-21 13:58:21,653 server.database INFO Database pool initialised (minconn=1, maxconn=20).
2026-02-21 13:58:21,655 server.database INFO Database connectivity verified.
2026-02-21 13:58:21,658 server.main INFO Applying ADMIN_INITIAL_PASSWORD …
2026-02-21 13:58:21,723 server.main INFO Admin password updated from ADMIN_INITIAL_PASSWORD.
2026-02-21 13:58:21,743 server.main INFO Offline checker started (interval=60s, pid=1, thread=offline-check).
2026-02-21 13:58:21,744 server.main INFO GreenOps server initialised and ready.
2026-02-21 13:58:21,838 server.database INFO Database pool closed.
2026-02-21 13:58:21,877 server.database INFO Database pool initialised (minconn=1, maxconn=20).
2026-02-21 13:58:21,896 server.database INFO Database connectivity verified.
2026-02-21 13:58:21,899 server.database INFO Database pool closed.
2026-02-21 13:58:21,912 server.database INFO Database pool initialised (minconn=1, maxconn=20).
2026-02-21 13:58:21,916 server.database INFO Database connectivity verified.
2026-02-21 13:58:21,980 server.database INFO Database pool closed.
2026-02-21 13:58:21,999 server.database INFO Database pool initialised (minconn=1, maxconn=20).
2026-02-21 13:58:22,002 server.database INFO Database connectivity verified.
2026-02-21 13:58:22,077 server.database INFO Database pool closed.
2026-02-21 13:58:22,090 server.database INFO Database pool initialised (minconn=1, maxconn=20).
2026-02-21 13:58:22,092 server.database INFO Database connectivity verified.
2026-02-21 13:58:29,098 server.services.machine INFO Heartbeat: id=1 status=online idle=0s increment=0s energy_delta=0.000 kWh
2026-02-21 13:59:21,777 server.database ERROR Database error: server closed the connection unexpectedly
	This probably means the server terminated abnormally
	before or while processing the request.

2026-02-21 13:59:21,778 server.main ERROR Offline check error: server closed the connection unexpectedly
	This probably means the server terminated abnormally
	before or while processing the request.
Traceback (most recent call last):
  File "/app/server/main.py", line 145, in _loop
    count = MachineService.update_offline_machines()
            ^^^^^^^^^^^^^^^^^^^^^^^^^^^^^^^^^^^^^^^^
  File "/app/server/services/machine.py", line 248, in update_offline_machines
    updated = db.execute_query(
              ^^^^^^^^^^^^^^^^^
  File "/app/server/database.py", line 125, in execute_query
    cur.execute(query, params)
  File "/usr/local/lib/python3.11/site-packages/psycopg2/extras.py", line 236, in execute
    return super().execute(query, vars)
           ^^^^^^^^^^^^^^^^^^^^^^^^^^^^
psycopg2.OperationalError: server closed the connection unexpectedly
	This probably means the server terminated abnormally
	before or while processing the request.

2026-02-21 13:59:29,230 server.services.machine INFO Heartbeat: id=1 status=online idle=0s increment=0s energy_delta=0.000 kWh
2026-02-21 14:00:30,349 server.services.machine INFO Heartbeat: id=1 status=online idle=0s increment=0s energy_delta=0.000 kWh
2026-02-21 14:01:30,831 server.services.machine INFO Heartbeat: id=1 status=online idle=0s increment=0s energy_delta=0.000 kWh
2026-02-21 14:02:08,894 server.services.machine INFO Heartbeat: id=1 status=online idle=0s increment=0s energy_delta=0.000 kWh
2026-02-21 14:03:02,256 server.auth INFO Successful login for user id=1
2026-02-21 14:03:13,585 server.services.machine INFO Heartbeat: id=1 status=online idle=0s increment=0s energy_delta=0.000 kWh
2026-02-21 14:04:13,726 server.services.machine INFO Heartbeat: id=1 status=online idle=0s increment=0s energy_delta=0.000 kWh
2026-02-21 14:05:14,031 server.services.machine INFO Heartbeat: id=1 status=online idle=0s increment=0s energy_delta=0.000 kWh
2026-02-21 14:06:14,265 server.services.machine INFO Heartbeat: id=1 status=online idle=0s increment=0s energy_delta=0.000 kWh
2026-02-21 14:07:14,424 server.services.machine INFO Heartbeat: id=1 status=online idle=0s increment=0s energy_delta=0.000 kWh
2026-02-21 14:08:14,774 server.services.machine INFO Heartbeat: id=1 status=online idle=0s increment=0s energy_delta=0.000 kWh
2026-02-21 14:09:16,199 server.services.machine INFO Heartbeat: id=1 status=online idle=0s increment=0s energy_delta=0.000 kWh
2026-02-21 14:10:16,587 server.services.machine INFO Heartbeat: id=1 status=online idle=0s increment=0s energy_delta=0.000 kWh
2026-02-21 14:11:16,965 server.services.machine INFO Heartbeat: id=1 status=online idle=0s increment=0s energy_delta=0.000 kWh
2026-02-21 14:12:17,122 server.services.machine INFO Heartbeat: id=1 status=online idle=0s increment=0s energy_delta=0.000 kWh
2026-02-21 14:13:17,251 server.services.machine INFO Heartbeat: id=1 status=online idle=0s increment=0s energy_delta=0.000 kWh
2026-02-21 14:17:32,479 server.services.machine INFO Machine marked offline: id=1 hostname=Ubuntu
2026-02-21 14:17:32,480 server.main INFO Offline checker: marked 1 machine(s) offline.
2026-02-21 14:17:32,634 server.services.machine INFO Heartbeat: id=1 status=online idle=0s increment=0s energy_delta=0.000 kWh
2026-02-21 14:17:32,907 server.database INFO Database pool closed.
2026-02-21 14:17:32,932 server.database INFO Database pool initialised (minconn=1, maxconn=20).
2026-02-21 14:17:32,935 server.database INFO Database connectivity verified.
2026-02-21 14:18:32,483 server.database ERROR Database error: server closed the connection unexpectedly
	This probably means the server terminated abnormally
	before or while processing the request.

2026-02-21 14:18:32,484 server.main ERROR Offline check error: server closed the connection unexpectedly
	This probably means the server terminated abnormally
	before or while processing the request.
Traceback (most recent call last):
  File "/app/server/main.py", line 145, in _loop
    count = MachineService.update_offline_machines()
            ^^^^^^^^^^^^^^^^^^^^^^^^^^^^^^^^^^^^^^^^
  File "/app/server/services/machine.py", line 248, in update_offline_machines
    updated = db.execute_query(
              ^^^^^^^^^^^^^^^^^
  File "/app/server/database.py", line 125, in execute_query
    cur.execute(query, params)
  File "/usr/local/lib/python3.11/site-packages/psycopg2/extras.py", line 236, in execute
    return super().execute(query, vars)
           ^^^^^^^^^^^^^^^^^^^^^^^^^^^^
psycopg2.OperationalError: server closed the connection unexpectedly
	This probably means the server terminated abnormally
	before or while processing the request.

2026-02-21 14:18:32,657 server.services.machine INFO Heartbeat: id=1 status=online idle=0s increment=0s energy_delta=0.000 kWh
2026-02-21 14:19:32,679 server.services.machine INFO Heartbeat: id=1 status=online idle=0s increment=0s energy_delta=0.000 kWh
2026-02-21 14:20:32,699 server.services.machine INFO Heartbeat: id=1 status=online idle=0s increment=0s energy_delta=0.000 kWh
2026-02-21 14:21:32,719 server.services.machine INFO Heartbeat: id=1 status=online idle=0s increment=0s energy_delta=0.000 kWh
2026-02-21 14:22:32,742 server.services.machine INFO Heartbeat: id=1 status=online idle=0s increment=0s energy_delta=0.000 kWh
2026-02-21 14:23:32,766 server.services.machine INFO Heartbeat: id=1 status=online idle=0s increment=0s energy_delta=0.000 kWh
2026-02-21 15:17:28,450 server.services.machine INFO Machine marked offline: id=1 hostname=Ubuntu
2026-02-21 15:17:28,451 server.main INFO Offline checker: marked 1 machine(s) offline.
2026-02-21 15:17:28,783 server.services.machine INFO Heartbeat: id=1 status=online idle=0s increment=0s energy_delta=0.000 kWh
2026-02-21 15:18:11,289 server.services.machine INFO Heartbeat: id=1 status=online idle=0s increment=0s energy_delta=0.000 kWh
